<?xml version='1.0' encoding='UTF-8' ?>
<testsuite name="com.example.dogglers.VerticalListTests" tests="2" failures="2" errors="0" skipped="0" time="85.358" timestamp="2022-06-06T09:05:44" hostname="localhost">
  <properties>
    <property name="device" value="2201116SG - 11" />
    <property name="flavor" value="" />
    <property name="project" value=":app" />
  </properties>
  <testcase name="recycler_view_item_count" classname="com.example.dogglers.VerticalListTests" time="44.686">
    <failure>java.lang.AssertionError: Activity never becomes requested state "[CREATED, STARTED, RESUMED, DESTROYED]" (last lifecycle transition = "PRE_ON_CREATE")
at androidx.test.core.app.ActivityScenario.waitForActivityToBecomeAnyOf(ActivityScenario.java:338)
at androidx.test.core.app.ActivityScenario.launchInternal(ActivityScenario.java:272)
at androidx.test.core.app.ActivityScenario.launch(ActivityScenario.java:195)
at androidx.test.ext.junit.rules.ActivityScenarioRule.lambda$new$0$ActivityScenarioRule(ActivityScenarioRule.java:70)
at androidx.test.ext.junit.rules.ActivityScenarioRule$$Lambda$0.get(ActivityScenarioRule.java:70)
at androidx.test.ext.junit.rules.ActivityScenarioRule.before(ActivityScenarioRule.java:103)
at org.junit.rules.ExternalResource$1.evaluate(ExternalResource.java:46)
at org.junit.rules.RunRules.evaluate(RunRules.java:20)
at org.junit.runners.ParentRunner.runLeaf(ParentRunner.java:325)
at org.junit.runners.BlockJUnit4ClassRunner.runChild(BlockJUnit4ClassRunner.java:78)
at org.junit.runners.BlockJUnit4ClassRunner.runChild(BlockJUnit4ClassRunner.java:57)
at org.junit.runners.ParentRunner$3.run(ParentRunner.java:290)
at org.junit.runners.ParentRunner$1.schedule(ParentRunner.java:71)
at org.junit.runners.ParentRunner.runChildren(ParentRunner.java:288)
at org.junit.runners.ParentRunner.access$000(ParentRunner.java:58)
at org.junit.runners.ParentRunner$2.evaluate(ParentRunner.java:268)
at org.junit.runners.ParentRunner.run(ParentRunner.java:363)
at androidx.test.ext.junit.runners.AndroidJUnit4.run(AndroidJUnit4.java:162)
at org.junit.runners.Suite.runChild(Suite.java:128)
at org.junit.runners.Suite.runChild(Suite.java:27)
at org.junit.runners.ParentRunner$3.run(ParentRunner.java:290)
at org.junit.runners.ParentRunner$1.schedule(ParentRunner.java:71)
at org.junit.runners.ParentRunner.runChildren(ParentRunner.java:288)
at org.junit.runners.ParentRunner.access$000(ParentRunner.java:58)
at org.junit.runners.ParentRunner$2.evaluate(ParentRunner.java:268)
at org.junit.runners.ParentRunner.run(ParentRunner.java:363)
at org.junit.runner.JUnitCore.run(JUnitCore.java:137)
at org.junit.runner.JUnitCore.run(JUnitCore.java:115)
at androidx.test.internal.runner.TestExecutor.execute(TestExecutor.java:56)
at androidx.test.runner.AndroidJUnitRunner.onStart(AndroidJUnitRunner.java:444)
at android.app.Instrumentation$InstrumentationThread.run(Instrumentation.java:2222)</failure>
  </testcase>
  <testcase name="vertical_scroll_content_at_last_position" classname="com.example.dogglers.VerticalListTests" time="40.301">
    <failure></failure>
  </testcase>
</testsuite>